<?xml version="1.0" encoding="UTF-8"?>
<!-- Generated by org.testng.reporters.JUnitXMLReporter -->
<testsuite ignored="1" hostname="DESKTOP-95QGOG2" failures="0" tests="1" name="Default test" time="45.695" errors="0" timestamp="31 Mar 2020 13:53:59 GMT">
  <testcase classname="com.testvagrant.unittest.UnitTest" name="runPrototypeTwo" time="45.662"/>
  <testcase classname="com.testvagrant.unittest.UnitTest" name="runPrototypeOne" time="0.0">
    <ignored/>
  </testcase> <!-- runPrototypeOne -->
</testsuite> <!-- Default test -->
