<?xml version="1.0" encoding="UTF-8"?>
<testng-results ignored="1" total="2" passed="1" failed="0" skipped="0">
  <reporter-output>
  </reporter-output>
  <suite started-at="2020-03-31T13:53:13Z" name="Default suite" finished-at="2020-03-31T13:53:59Z" duration-ms="45695">
    <groups>
    </groups>
    <test started-at="2020-03-31T13:53:13Z" name="Default test" finished-at="2020-03-31T13:53:59Z" duration-ms="45695">
      <class name="com.testvagrant.unittest.UnitTest">
        <test-method signature="runPrototypeTwo(java.lang.reflect.Method)[pri:0, instance:com.testvagrant.unittest.UnitTest@2aece37d]" started-at="2020-03-31T13:53:13Z" name="runPrototypeTwo" description="This is the test created for calculating the Monthly subscriptions for any category for any given month and year in either Weekly/BiWeekly/Daily format based on the user input" finished-at="2020-03-31T13:53:59Z" duration-ms="45662" status="PASS">
          <params>
            <param index="0">
              <value>
                <![CDATA[public void com.testvagrant.unittest.UnitTest.runPrototypeTwo(java.lang.reflect.Method)]]>
              </value>
            </param>
          </params>
          <reporter-output>
          </reporter-output>
        </test-method> <!-- runPrototypeTwo -->
      </class> <!-- com.testvagrant.unittest.UnitTest -->
    </test> <!-- Default test -->
  </suite> <!-- Default suite -->
</testng-results>
